<<<<<<< HEAD
[0415/112446.881:ERROR:crash_report_database_win.cc(568)] CreateDirectory C:\Program Files (x86)\Easthas\Reports\Dump: System nie mo¿e odnaleŸæ okreœlonej œcie¿ki. (0x3)
[0415/112446.897:ERROR:registration_protocol_win.cc(84)] TransactNamedPipe: Potok zosta³ zakoñczony. (0x6D)
[0415/112446.897:ERROR:crash_report_database_win.cc(568)] CreateDirectory C:\Program Files (x86)\Easthas\Reports\Dump: System nie mo¿e odnaleŸæ okreœlonej œcie¿ki. (0x3)
[0415/155851.772:ERROR:crash_report_database_win.cc(568)] CreateDirectory C:\Program Files (x86)\Easthas\Reports\Dump: System nie mo¿e odnaleŸæ okreœlonej œcie¿ki. (0x3)
[0415/155851.772:ERROR:registration_protocol_win.cc(84)] TransactNamedPipe: Potok zosta³ zakoñczony. (0x6D)
[0415/155851.787:ERROR:crash_report_database_win.cc(568)] CreateDirectory C:\Program Files (x86)\Easthas\Reports\Dump: System nie mo¿e odnaleŸæ okreœlonej œcie¿ki. (0x3)
[0415/163325.926:ERROR:crash_report_database_win.cc(568)] CreateDirectory C:\Program Files (x86)\Easthas\Reports\Dump: System nie mo¿e odnaleŸæ okreœlonej œcie¿ki. (0x3)
[0415/163325.926:ERROR:registration_protocol_win.cc(84)] TransactNamedPipe: Potok zosta³ zakoñczony. (0x6D)
[0415/163325.926:ERROR:crash_report_database_win.cc(568)] CreateDirectory C:\Program Files (x86)\Easthas\Reports\Dump: System nie mo¿e odnaleŸæ okreœlonej œcie¿ki. (0x3)
[0421/090913.827:ERROR:crash_report_database_win.cc(568)] CreateDirectory C:\Program Files (x86)\Easthas\Reports\Dump: System nie mo¿e odnaleŸæ okreœlonej œcie¿ki. (0x3)
[0421/090913.827:ERROR:registration_protocol_win.cc(84)] TransactNamedPipe: Potok zosta³ zakoñczony. (0x6D)
[0421/090913.827:ERROR:crash_report_database_win.cc(568)] CreateDirectory C:\Program Files (x86)\Easthas\Reports\Dump: System nie mo¿e odnaleŸæ okreœlonej œcie¿ki. (0x3)
[0421/114053.950:ERROR:crash_report_database_win.cc(568)] CreateDirectory C:\Program Files (x86)\Easthas\Reports\Dump: System nie mo¿e odnaleŸæ okreœlonej œcie¿ki. (0x3)
[0421/114053.950:ERROR:registration_protocol_win.cc(84)] TransactNamedPipe: Potok zosta³ zakoñczony. (0x6D)
[0421/114053.950:ERROR:crash_report_database_win.cc(568)] CreateDirectory C:\Program Files (x86)\Easthas\Reports\Dump: System nie mo¿e odnaleŸæ okreœlonej œcie¿ki. (0x3)
[0421/173713.112:ERROR:crash_report_database_win.cc(568)] CreateDirectory C:\Program Files (x86)\Easthas\Reports\Dump: System nie mo¿e odnaleŸæ okreœlonej œcie¿ki. (0x3)
[0421/173713.112:ERROR:registration_protocol_win.cc(84)] TransactNamedPipe: Potok zosta³ zakoñczony. (0x6D)
[0421/173713.112:ERROR:crash_report_database_win.cc(568)] CreateDirectory C:\Program Files (x86)\Easthas\Reports\Dump: System nie mo¿e odnaleŸæ okreœlonej œcie¿ki. (0x3)
[0421/205105.573:ERROR:crash_report_database_win.cc(568)] CreateDirectory C:\Program Files (x86)\Easthas\Reports\Dump: System nie mo¿e odnaleŸæ okreœlonej œcie¿ki. (0x3)
[0421/205105.577:ERROR:registration_protocol_win.cc(84)] TransactNamedPipe: Potok zosta³ zakoñczony. (0x6D)
[0421/205105.578:ERROR:crash_report_database_win.cc(568)] CreateDirectory C:\Program Files (x86)\Easthas\Reports\Dump: System nie mo¿e odnaleŸæ okreœlonej œcie¿ki. (0x3)
[0421/210404.660:ERROR:crash_report_database_win.cc(568)] CreateDirectory C:\Program Files (x86)\Easthas\Reports\Dump: System nie mo¿e odnaleŸæ okreœlonej œcie¿ki. (0x3)
[0421/210404.662:ERROR:registration_protocol_win.cc(84)] TransactNamedPipe: Potok zosta³ zakoñczony. (0x6D)
[0421/210404.663:ERROR:crash_report_database_win.cc(568)] CreateDirectory C:\Program Files (x86)\Easthas\Reports\Dump: System nie mo¿e odnaleŸæ okreœlonej œcie¿ki. (0x3)
[0421/213009.984:ERROR:crash_report_database_win.cc(568)] CreateDirectory C:\Program Files (x86)\Easthas\Reports\Dump: System nie mo¿e odnaleŸæ okreœlonej œcie¿ki. (0x3)
[0421/213009.987:ERROR:registration_protocol_win.cc(84)] TransactNamedPipe: Potok zosta³ zakoñczony. (0x6D)
[0421/213009.988:ERROR:crash_report_database_win.cc(568)] CreateDirectory C:\Program Files (x86)\Easthas\Reports\Dump: System nie mo¿e odnaleŸæ okreœlonej œcie¿ki. (0x3)
[0421/223710.536:ERROR:crash_report_database_win.cc(568)] CreateDirectory C:\Program Files (x86)\Easthas\Reports\Dump: System nie mo¿e odnaleŸæ okreœlonej œcie¿ki. (0x3)
[0421/223710.536:ERROR:registration_protocol_win.cc(84)] TransactNamedPipe: Potok zosta³ zakoñczony. (0x6D)
[0421/223710.536:ERROR:crash_report_database_win.cc(568)] CreateDirectory C:\Program Files (x86)\Easthas\Reports\Dump: System nie mo¿e odnaleŸæ okreœlonej œcie¿ki. (0x3)
[0421/232202.809:ERROR:crash_report_database_win.cc(568)] CreateDirectory C:\Program Files (x86)\Easthas\Reports\Dump: System nie mo¿e odnaleŸæ okreœlonej œcie¿ki. (0x3)
[0421/232202.825:ERROR:registration_protocol_win.cc(84)] TransactNamedPipe: Potok zosta³ zakoñczony. (0x6D)
[0421/232202.825:ERROR:crash_report_database_win.cc(568)] CreateDirectory C:\Program Files (x86)\Easthas\Reports\Dump: System nie mo¿e odnaleŸæ okreœlonej œcie¿ki. (0x3)
[0429/071211.493:ERROR:crash_report_database_win.cc(568)] CreateDirectory C:\Program Files (x86)\Easthas\Reports\Dump: System nie mo¿e odnaleŸæ okreœlonej œcie¿ki. (0x3)
[0429/071211.524:ERROR:registration_protocol_win.cc(84)] TransactNamedPipe: Potok zosta³ zakoñczony. (0x6D)
[0429/071211.524:ERROR:crash_report_database_win.cc(568)] CreateDirectory C:\Program Files (x86)\Easthas\Reports\Dump: System nie mo¿e odnaleŸæ okreœlonej œcie¿ki. (0x3)
[0429/073225.908:ERROR:crash_report_database_win.cc(568)] CreateDirectory C:\Program Files (x86)\Easthas\Reports\Dump: System nie mo¿e odnaleŸæ okreœlonej œcie¿ki. (0x3)
[0429/073225.908:ERROR:registration_protocol_win.cc(84)] TransactNamedPipe: Potok zosta³ zakoñczony. (0x6D)
[0429/073225.908:ERROR:crash_report_database_win.cc(568)] CreateDirectory C:\Program Files (x86)\Easthas\Reports\Dump: System nie mo¿e odnaleŸæ okreœlonej œcie¿ki. (0x3)
[0429/140220.807:ERROR:crash_report_database_win.cc(568)] CreateDirectory C:\Program Files (x86)\Easthas\Reports\Dump: System nie mo¿e odnaleŸæ okreœlonej œcie¿ki. (0x3)
[0429/140220.807:ERROR:registration_protocol_win.cc(84)] TransactNamedPipe: Potok zosta³ zakoñczony. (0x6D)
[0429/140220.807:ERROR:crash_report_database_win.cc(568)] CreateDirectory C:\Program Files (x86)\Easthas\Reports\Dump: System nie mo¿e odnaleŸæ okreœlonej œcie¿ki. (0x3)
[0429/215942.627:ERROR:crash_report_database_win.cc(568)] CreateDirectory C:\Program Files (x86)\Easthas\Reports\Dump: System nie mo¿e odnaleŸæ okreœlonej œcie¿ki. (0x3)
[0429/215942.627:ERROR:registration_protocol_win.cc(84)] TransactNamedPipe: Potok zosta³ zakoñczony. (0x6D)
[0429/215942.627:ERROR:crash_report_database_win.cc(568)] CreateDirectory C:\Program Files (x86)\Easthas\Reports\Dump: System nie mo¿e odnaleŸæ okreœlonej œcie¿ki. (0x3)
[0429/222006.974:ERROR:crash_report_database_win.cc(568)] CreateDirectory C:\Program Files (x86)\Easthas\Reports\Dump: System nie mo¿e odnaleŸæ okreœlonej œcie¿ki. (0x3)
[0429/222006.974:ERROR:registration_protocol_win.cc(84)] TransactNamedPipe: Potok zosta³ zakoñczony. (0x6D)
[0429/222006.974:ERROR:crash_report_database_win.cc(568)] CreateDirectory C:\Program Files (x86)\Easthas\Reports\Dump: System nie mo¿e odnaleŸæ okreœlonej œcie¿ki. (0x3)
[0429/222403.130:ERROR:crash_report_database_win.cc(568)] CreateDirectory C:\Program Files (x86)\Easthas\Reports\Dump: System nie mo¿e odnaleŸæ okreœlonej œcie¿ki. (0x3)
[0429/222403.130:ERROR:registration_protocol_win.cc(84)] TransactNamedPipe: Potok zosta³ zakoñczony. (0x6D)
[0429/222403.130:ERROR:crash_report_database_win.cc(568)] CreateDirectory C:\Program Files (x86)\Easthas\Reports\Dump: System nie mo¿e odnaleŸæ okreœlonej œcie¿ki. (0x3)
[0430/110340.868:ERROR:crash_report_database_win.cc(568)] CreateDirectory C:\Program Files (x86)\Easthas\Reports\Dump: System nie mo¿e odnaleŸæ okreœlonej œcie¿ki. (0x3)
[0430/110340.873:ERROR:registration_protocol_win.cc(84)] TransactNamedPipe: Potok zosta³ zakoñczony. (0x6D)
[0430/110340.874:ERROR:crash_report_database_win.cc(568)] CreateDirectory C:\Program Files (x86)\Easthas\Reports\Dump: System nie mo¿e odnaleŸæ okreœlonej œcie¿ki. (0x3)
[0503/161738.204:ERROR:crash_report_database_win.cc(568)] CreateDirectory C:\Program Files (x86)\Easthas\Reports\Dump: System nie mo¿e odnaleŸæ okreœlonej œcie¿ki. (0x3)
[0503/161738.206:ERROR:registration_protocol_win.cc(84)] TransactNamedPipe: Potok zosta³ zakoñczony. (0x6D)
[0503/161738.207:ERROR:crash_report_database_win.cc(568)] CreateDirectory C:\Program Files (x86)\Easthas\Reports\Dump: System nie mo¿e odnaleŸæ okreœlonej œcie¿ki. (0x3)
[0504/072741.488:ERROR:crash_report_database_win.cc(568)] CreateDirectory C:\Program Files (x86)\Easthas\Reports\Dump: System nie mo¿e odnaleŸæ okreœlonej œcie¿ki. (0x3)
[0504/072741.488:ERROR:registration_protocol_win.cc(84)] TransactNamedPipe: Potok zosta³ zakoñczony. (0x6D)
[0504/072741.488:ERROR:crash_report_database_win.cc(568)] CreateDirectory C:\Program Files (x86)\Easthas\Reports\Dump: System nie mo¿e odnaleŸæ okreœlonej œcie¿ki. (0x3)
[0504/120243.645:ERROR:crash_report_database_win.cc(568)] CreateDirectory C:\Program Files (x86)\Easthas\Reports\Dump: System nie mo¿e odnaleŸæ okreœlonej œcie¿ki. (0x3)
[0504/120243.645:ERROR:registration_protocol_win.cc(84)] TransactNamedPipe: Potok zosta³ zakoñczony. (0x6D)
[0504/120243.645:ERROR:crash_report_database_win.cc(568)] CreateDirectory C:\Program Files (x86)\Easthas\Reports\Dump: System nie mo¿e odnaleŸæ okreœlonej œcie¿ki. (0x3)
[0504/124558.970:ERROR:crash_report_database_win.cc(568)] CreateDirectory C:\Program Files (x86)\Easthas\Reports\Dump: System nie mo¿e odnaleŸæ okreœlonej œcie¿ki. (0x3)
[0504/124558.986:ERROR:registration_protocol_win.cc(84)] TransactNamedPipe: Potok zosta³ zakoñczony. (0x6D)
[0504/124558.986:ERROR:crash_report_database_win.cc(568)] CreateDirectory C:\Program Files (x86)\Easthas\Reports\Dump: System nie mo¿e odnaleŸæ okreœlonej œcie¿ki. (0x3)
[0504/214903.935:ERROR:crash_report_database_win.cc(568)] CreateDirectory C:\Program Files (x86)\Easthas\Reports\Dump: System nie mo¿e odnaleŸæ okreœlonej œcie¿ki. (0x3)
[0504/214903.951:ERROR:registration_protocol_win.cc(84)] TransactNamedPipe: Potok zosta³ zakoñczony. (0x6D)
[0504/214903.951:ERROR:crash_report_database_win.cc(568)] CreateDirectory C:\Program Files (x86)\Easthas\Reports\Dump: System nie mo¿e odnaleŸæ okreœlonej œcie¿ki. (0x3)
[0513/084557.018:ERROR:crash_report_database_win.cc(568)] CreateDirectory C:\Program Files (x86)\Easthas\Reports\Dump: System nie mo¿e odnaleŸæ okreœlonej œcie¿ki. (0x3)
[0513/084557.034:ERROR:registration_protocol_win.cc(84)] TransactNamedPipe: Potok zosta³ zakoñczony. (0x6D)
[0513/084557.034:ERROR:crash_report_database_win.cc(568)] CreateDirectory C:\Program Files (x86)\Easthas\Reports\Dump: System nie mo¿e odnaleŸæ okreœlonej œcie¿ki. (0x3)
[0516/174002.119:ERROR:crash_report_database_win.cc(568)] CreateDirectory C:\Program Files (x86)\Easthas\Reports\Dump: System nie mo¿e odnaleŸæ okreœlonej œcie¿ki. (0x3)
[0516/174002.124:ERROR:registration_protocol_win.cc(84)] TransactNamedPipe: Potok zosta³ zakoñczony. (0x6D)
[0516/174002.125:ERROR:crash_report_database_win.cc(568)] CreateDirectory C:\Program Files (x86)\Easthas\Reports\Dump: System nie mo¿e odnaleŸæ okreœlonej œcie¿ki. (0x3)
[0517/094822.169:ERROR:crash_report_database_win.cc(568)] CreateDirectory C:\Program Files (x86)\Easthas\Reports\Dump: System nie mo¿e odnaleŸæ okreœlonej œcie¿ki. (0x3)
[0517/094822.169:ERROR:registration_protocol_win.cc(84)] TransactNamedPipe: Potok zosta³ zakoñczony. (0x6D)
[0517/094822.169:ERROR:crash_report_database_win.cc(568)] CreateDirectory C:\Program Files (x86)\Easthas\Reports\Dump: System nie mo¿e odnaleŸæ okreœlonej œcie¿ki. (0x3)
[0519/070516.209:ERROR:crash_report_database_win.cc(568)] CreateDirectory C:\Program Files (x86)\Easthas\Reports\Dump: System nie mo¿e odnaleŸæ okreœlonej œcie¿ki. (0x3)
[0519/070516.209:ERROR:registration_protocol_win.cc(84)] TransactNamedPipe: Potok zosta³ zakoñczony. (0x6D)
[0519/070516.209:ERROR:crash_report_database_win.cc(568)] CreateDirectory C:\Program Files (x86)\Easthas\Reports\Dump: System nie mo¿e odnaleŸæ okreœlonej œcie¿ki. (0x3)
[0801/201224.965:ERROR:crash_report_database_win.cc(569)] CreateDirectory C:\Program Files (x86)\Easthas\Reports\Dump: System nie mo¿e odnaleŸæ okreœlonej œcie¿ki. (0x3)
[0801/201224.965:ERROR:registration_protocol_win.cc(84)] TransactNamedPipe: Potok zosta³ zakoñczony. (0x6D)
[0801/201224.965:ERROR:crash_report_database_win.cc(569)] CreateDirectory C:\Program Files (x86)\Easthas\Reports\Dump: System nie mo¿e odnaleŸæ okreœlonej œcie¿ki. (0x3)
[0801/203439.383:ERROR:crash_report_database_win.cc(569)] CreateDirectory C:\Program Files (x86)\Easthas\Reports\Dump: System nie mo¿e odnaleŸæ okreœlonej œcie¿ki. (0x3)
[0801/203439.383:ERROR:registration_protocol_win.cc(84)] TransactNamedPipe: Potok zosta³ zakoñczony. (0x6D)
[0801/203439.383:ERROR:crash_report_database_win.cc(569)] CreateDirectory C:\Program Files (x86)\Easthas\Reports\Dump: System nie mo¿e odnaleŸæ okreœlonej œcie¿ki. (0x3)
=======
[0521/212356.462:ERROR:crash_report_database_win.cc(568)] CreateDirectory C:\Program Files (x86)\Easthas\Reports\Dump: System nie mo¿e odnaleŸæ okreœlonej œcie¿ki. (0x3)
[0521/212356.462:ERROR:registration_protocol_win.cc(84)] TransactNamedPipe: Potok zosta³ zakoñczony. (0x6D)
[0521/212356.462:ERROR:crash_report_database_win.cc(568)] CreateDirectory C:\Program Files (x86)\Easthas\Reports\Dump: System nie mo¿e odnaleŸæ okreœlonej œcie¿ki. (0x3)
[0526/205906.929:ERROR:crash_report_database_win.cc(568)] CreateDirectory C:\Program Files (x86)\Easthas\Reports\Dump: System nie mo¿e odnaleŸæ okreœlonej œcie¿ki. (0x3)
[0526/205906.929:ERROR:registration_protocol_win.cc(84)] TransactNamedPipe: Potok zosta³ zakoñczony. (0x6D)
[0526/205906.929:ERROR:crash_report_database_win.cc(568)] CreateDirectory C:\Program Files (x86)\Easthas\Reports\Dump: System nie mo¿e odnaleŸæ okreœlonej œcie¿ki. (0x3)
[0526/223508.192:ERROR:crash_report_database_win.cc(568)] CreateDirectory C:\Program Files (x86)\Easthas\Reports\Dump: System nie mo¿e odnaleŸæ okreœlonej œcie¿ki. (0x3)
[0526/223508.192:ERROR:registration_protocol_win.cc(84)] TransactNamedPipe: Potok zosta³ zakoñczony. (0x6D)
[0526/223508.192:ERROR:crash_report_database_win.cc(568)] CreateDirectory C:\Program Files (x86)\Easthas\Reports\Dump: System nie mo¿e odnaleŸæ okreœlonej œcie¿ki. (0x3)
[0526/230048.663:ERROR:crash_report_database_win.cc(568)] CreateDirectory C:\Program Files (x86)\Easthas\Reports\Dump: System nie mo¿e odnaleŸæ okreœlonej œcie¿ki. (0x3)
[0526/230048.666:ERROR:registration_protocol_win.cc(84)] TransactNamedPipe: Potok zosta³ zakoñczony. (0x6D)
[0526/230048.667:ERROR:crash_report_database_win.cc(568)] CreateDirectory C:\Program Files (x86)\Easthas\Reports\Dump: System nie mo¿e odnaleŸæ okreœlonej œcie¿ki. (0x3)
[0610/095551.245:ERROR:crash_report_database_win.cc(569)] CreateDirectory C:\Program Files (x86)\Easthas\Reports\Dump: System nie mo¿e odnaleŸæ okreœlonej œcie¿ki. (0x3)
[0610/095551.245:ERROR:registration_protocol_win.cc(84)] TransactNamedPipe: Potok zosta³ zakoñczony. (0x6D)
[0610/095551.245:ERROR:crash_report_database_win.cc(569)] CreateDirectory C:\Program Files (x86)\Easthas\Reports\Dump: System nie mo¿e odnaleŸæ okreœlonej œcie¿ki. (0x3)
[0610/101943.691:ERROR:crash_report_database_win.cc(569)] CreateDirectory C:\Program Files (x86)\Easthas\Reports\Dump: System nie mo¿e odnaleŸæ okreœlonej œcie¿ki. (0x3)
[0610/101943.691:ERROR:registration_protocol_win.cc(84)] TransactNamedPipe: Potok zosta³ zakoñczony. (0x6D)
[0610/101943.691:ERROR:crash_report_database_win.cc(569)] CreateDirectory C:\Program Files (x86)\Easthas\Reports\Dump: System nie mo¿e odnaleŸæ okreœlonej œcie¿ki. (0x3)
[0610/102057.582:ERROR:crash_report_database_win.cc(569)] CreateDirectory C:\Program Files (x86)\Easthas\Reports\Dump: System nie mo¿e odnaleŸæ okreœlonej œcie¿ki. (0x3)
[0610/102057.582:ERROR:registration_protocol_win.cc(84)] TransactNamedPipe: Potok zosta³ zakoñczony. (0x6D)
[0610/102057.582:ERROR:crash_report_database_win.cc(569)] CreateDirectory C:\Program Files (x86)\Easthas\Reports\Dump: System nie mo¿e odnaleŸæ okreœlonej œcie¿ki. (0x3)
[0610/162959.097:ERROR:crash_report_database_win.cc(569)] CreateDirectory C:\Program Files (x86)\Easthas\Reports\Dump: System nie mo¿e odnaleŸæ okreœlonej œcie¿ki. (0x3)
[0610/162959.097:ERROR:registration_protocol_win.cc(84)] TransactNamedPipe: Potok zosta³ zakoñczony. (0x6D)
[0610/162959.097:ERROR:crash_report_database_win.cc(569)] CreateDirectory C:\Program Files (x86)\Easthas\Reports\Dump: System nie mo¿e odnaleŸæ okreœlonej œcie¿ki. (0x3)
[0611/090853.865:ERROR:crash_report_database_win.cc(569)] CreateDirectory C:\Program Files (x86)\Easthas\Reports\Dump: System nie mo¿e odnaleŸæ okreœlonej œcie¿ki. (0x3)
[0611/090853.865:ERROR:registration_protocol_win.cc(84)] TransactNamedPipe: Potok zosta³ zakoñczony. (0x6D)
[0611/090853.865:ERROR:crash_report_database_win.cc(569)] CreateDirectory C:\Program Files (x86)\Easthas\Reports\Dump: System nie mo¿e odnaleŸæ okreœlonej œcie¿ki. (0x3)
[0611/091239.439:ERROR:crash_report_database_win.cc(569)] CreateDirectory C:\Program Files (x86)\Easthas\Reports\Dump: System nie mo¿e odnaleŸæ okreœlonej œcie¿ki. (0x3)
[0611/091239.454:ERROR:registration_protocol_win.cc(84)] TransactNamedPipe: Potok zosta³ zakoñczony. (0x6D)
[0611/091239.454:ERROR:crash_report_database_win.cc(569)] CreateDirectory C:\Program Files (x86)\Easthas\Reports\Dump: System nie mo¿e odnaleŸæ okreœlonej œcie¿ki. (0x3)
[0611/095405.804:ERROR:crash_report_database_win.cc(569)] CreateDirectory C:\Program Files (x86)\Easthas\Reports\Dump: System nie mo¿e odnaleŸæ okreœlonej œcie¿ki. (0x3)
[0611/095405.804:ERROR:registration_protocol_win.cc(84)] TransactNamedPipe: Potok zosta³ zakoñczony. (0x6D)
[0611/095405.804:ERROR:crash_report_database_win.cc(569)] CreateDirectory C:\Program Files (x86)\Easthas\Reports\Dump: System nie mo¿e odnaleŸæ okreœlonej œcie¿ki. (0x3)
[0611/121530.634:ERROR:crash_report_database_win.cc(569)] CreateDirectory C:\Program Files (x86)\Easthas\Reports\Dump: System nie mo¿e odnaleŸæ okreœlonej œcie¿ki. (0x3)
[0611/121530.650:ERROR:registration_protocol_win.cc(84)] TransactNamedPipe: Potok zosta³ zakoñczony. (0x6D)
[0611/121530.650:ERROR:crash_report_database_win.cc(569)] CreateDirectory C:\Program Files (x86)\Easthas\Reports\Dump: System nie mo¿e odnaleŸæ okreœlonej œcie¿ki. (0x3)
[0611/121849.260:ERROR:crash_report_database_win.cc(569)] CreateDirectory C:\Program Files (x86)\Easthas\Reports\Dump: System nie mo¿e odnaleŸæ okreœlonej œcie¿ki. (0x3)
[0611/121849.276:ERROR:registration_protocol_win.cc(84)] TransactNamedPipe: Potok zosta³ zakoñczony. (0x6D)
[0611/121849.276:ERROR:crash_report_database_win.cc(569)] CreateDirectory C:\Program Files (x86)\Easthas\Reports\Dump: System nie mo¿e odnaleŸæ okreœlonej œcie¿ki. (0x3)
[0612/115446.593:ERROR:crash_report_database_win.cc(569)] CreateDirectory C:\Program Files (x86)\Easthas\Reports\Dump: System nie mo¿e odnaleŸæ okreœlonej œcie¿ki. (0x3)
[0612/115446.596:ERROR:registration_protocol_win.cc(84)] TransactNamedPipe: Potok zosta³ zakoñczony. (0x6D)
[0612/115446.597:ERROR:crash_report_database_win.cc(569)] CreateDirectory C:\Program Files (x86)\Easthas\Reports\Dump: System nie mo¿e odnaleŸæ okreœlonej œcie¿ki. (0x3)
[0612/115947.590:ERROR:crash_report_database_win.cc(569)] CreateDirectory C:\Program Files (x86)\Easthas\Reports\Dump: System nie mo¿e odnaleŸæ okreœlonej œcie¿ki. (0x3)
[0612/115947.600:ERROR:registration_protocol_win.cc(84)] TransactNamedPipe: Potok zosta³ zakoñczony. (0x6D)
[0612/115947.601:ERROR:crash_report_database_win.cc(569)] CreateDirectory C:\Program Files (x86)\Easthas\Reports\Dump: System nie mo¿e odnaleŸæ okreœlonej œcie¿ki. (0x3)
[0612/174942.285:ERROR:crash_report_database_win.cc(569)] CreateDirectory C:\Program Files (x86)\Easthas\Reports\Dump: System nie mo¿e odnaleŸæ okreœlonej œcie¿ki. (0x3)
[0612/174942.285:ERROR:registration_protocol_win.cc(84)] TransactNamedPipe: Potok zosta³ zakoñczony. (0x6D)
[0612/174942.285:ERROR:crash_report_database_win.cc(569)] CreateDirectory C:\Program Files (x86)\Easthas\Reports\Dump: System nie mo¿e odnaleŸæ okreœlonej œcie¿ki. (0x3)
>>>>>>> df9955417cbf1f2038cf921a1fe28c12ffa849a7
