[0415/092220.888:ERROR:crash_report_database_win.cc(568)] CreateDirectory C:\Program Files (x86)\Easthas\Reports\Dump: System nie mo¿e odnaleŸæ okreœlonej œcie¿ki. (0x3)
[0415/092220.888:ERROR:registration_protocol_win.cc(84)] TransactNamedPipe: Potok zosta³ zakoñczony. (0x6D)
[0415/092220.903:ERROR:crash_report_database_win.cc(568)] CreateDirectory C:\Program Files (x86)\Easthas\Reports\Dump: System nie mo¿e odnaleŸæ okreœlonej œcie¿ki. (0x3)
<<<<<<< HEAD
<<<<<<< HEAD
<<<<<<< HEAD
[0417/203433.732:ERROR:crash_report_database_win.cc(568)] CreateDirectory C:\Program Files (x86)\Easthas\Reports\Dump: System nie mo¿e odnaleŸæ okreœlonej œcie¿ki. (0x3)
[0417/203433.732:ERROR:registration_protocol_win.cc(84)] TransactNamedPipe: Potok zosta³ zakoñczony. (0x6D)
[0417/203433.732:ERROR:crash_report_database_win.cc(568)] CreateDirectory C:\Program Files (x86)\Easthas\Reports\Dump: System nie mo¿e odnaleŸæ okreœlonej œcie¿ki. (0x3)
[0417/222250.637:ERROR:crash_report_database_win.cc(568)] CreateDirectory C:\Program Files (x86)\Easthas\Reports\Dump: System nie mo¿e odnaleŸæ okreœlonej œcie¿ki. (0x3)
[0417/222250.637:ERROR:registration_protocol_win.cc(84)] TransactNamedPipe: Potok zosta³ zakoñczony. (0x6D)
[0417/222250.637:ERROR:crash_report_database_win.cc(568)] CreateDirectory C:\Program Files (x86)\Easthas\Reports\Dump: System nie mo¿e odnaleŸæ okreœlonej œcie¿ki. (0x3)
=======
>>>>>>> parent of ac207b5... css zadanie 3 skoÅ„czone
=======
>>>>>>> parent of ac207b5... css zadanie 3 skoÅ„czone
=======
>>>>>>> parent of ac207b5... css zadanie 3 skoÅ„czone
[0507/212949.228:ERROR:crash_report_database_win.cc(568)] CreateDirectory C:\Program Files (x86)\Easthas\Reports\Dump: System nie mo¿e odnaleŸæ okreœlonej œcie¿ki. (0x3)
[0507/212949.228:ERROR:registration_protocol_win.cc(84)] TransactNamedPipe: Potok zosta³ zakoñczony. (0x6D)
[0507/212949.228:ERROR:crash_report_database_win.cc(568)] CreateDirectory C:\Program Files (x86)\Easthas\Reports\Dump: System nie mo¿e odnaleŸæ okreœlonej œcie¿ki. (0x3)
[0512/092252.712:ERROR:crash_report_database_win.cc(568)] CreateDirectory C:\Program Files (x86)\Easthas\Reports\Dump: System nie mo¿e odnaleŸæ okreœlonej œcie¿ki. (0x3)
[0512/092252.728:ERROR:registration_protocol_win.cc(84)] TransactNamedPipe: Potok zosta³ zakoñczony. (0x6D)
[0512/092252.728:ERROR:crash_report_database_win.cc(568)] CreateDirectory C:\Program Files (x86)\Easthas\Reports\Dump: System nie mo¿e odnaleŸæ okreœlonej œcie¿ki. (0x3)
